android/app/build/intermediates/manifest_merge_blame_file/release/manifest-merger-blame-release-report.txt
1<?xml version="1.0" encoding="utf-8"?>
2<manifest xmlns:android="http://schemas.android.com/apk/res/android"
3    package="com.example.bookmark"
4    android:versionCode="1"
5    android:versionName="0.1.0" >
6
7    <uses-sdk
8        android:minSdkVersion="21"
9        android:targetSdkVersion="35" />
10
11    <uses-permission android:name="android.permission.INTERNET" />
11-->src/main/AndroidManifest.xml:2:5-66
11-->src/main/AndroidManifest.xml:2:22-64
12
13    <queries>
13-->src/main/AndroidManifest.xml:3:5-17:15
14
15        <!-- YouTube 앱 -->
16        <package android:name="com.google.android.youtube" />
16-->src/main/AndroidManifest.xml:5:9-62
16-->src/main/AndroidManifest.xml:5:18-59
17        <!-- 브라우저 -->
18        <intent>
18-->src/main/AndroidManifest.xml:7:9-11:18
19            <action android:name="android.intent.action.VIEW" />
19-->src/main/AndroidManifest.xml:8:13-65
19-->src/main/AndroidManifest.xml:8:21-62
20
21            <category android:name="android.intent.category.BROWSABLE" />
21-->src/main/AndroidManifest.xml:9:13-74
21-->src/main/AndroidManifest.xml:9:23-71
22
23            <data android:scheme="https" />
23-->src/main/AndroidManifest.xml:10:13-44
23-->src/main/AndroidManifest.xml:10:19-41
24        </intent>
25        <!-- Specifies the package name of the app that can process text -->
26        <intent>
26-->src/main/AndroidManifest.xml:13:9-16:18
27            <action android:name="android.intent.action.PROCESS_TEXT" />
27-->src/main/AndroidManifest.xml:14:13-72
27-->src/main/AndroidManifest.xml:14:21-70
28
29            <data android:mimeType="text/plain" />
29-->src/main/AndroidManifest.xml:10:13-44
29-->src/main/AndroidManifest.xml:15:19-48
30        </intent>
31    </queries>
32
33    <permission
33-->[androidx.core:core:1.13.1] AndroidManifest.xml:22:5-24:47
34        android:name="com.example.bookmark.DYNAMIC_RECEIVER_NOT_EXPORTED_PERMISSION"
34-->[androidx.core:core:1.13.1] AndroidManifest.xml:23:9-81
35        android:protectionLevel="signature" />
35-->[androidx.core:core:1.13.1] AndroidManifest.xml:24:9-44
36
37    <uses-permission android:name="com.example.bookmark.DYNAMIC_RECEIVER_NOT_EXPORTED_PERMISSION" />
37-->[androidx.core:core:1.13.1] AndroidManifest.xml:26:5-97
37-->[androidx.core:core:1.13.1] AndroidManifest.xml:26:22-94
38
39    <application
40        android:name="android.app.Application"
40-->src/main/AndroidManifest.xml:20:9-42
41        android:appComponentFactory="androidx.core.app.CoreComponentFactory"
41-->[androidx.core:core:1.13.1] AndroidManifest.xml:28:18-86
42        android:extractNativeLibs="true"
43        android:icon="@mipmap/ic_launcher"
43-->src/main/AndroidManifest.xml:21:9-43
44        android:label="bookmark" >
44-->src/main/AndroidManifest.xml:19:9-33
45        <activity
45-->src/main/AndroidManifest.xml:22:9-54:20
46            android:name="com.example.bookmark.MainActivity"
46-->src/main/AndroidManifest.xml:23:13-41
47            android:configChanges="orientation|keyboardHidden|keyboard|screenSize|smallestScreenSize|locale|layoutDirection|fontScale|screenLayout|density|uiMode"
47-->src/main/AndroidManifest.xml:27:13-163
48            android:exported="true"
48-->src/main/AndroidManifest.xml:24:13-36
49            android:hardwareAccelerated="true"
49-->src/main/AndroidManifest.xml:28:13-47
50            android:launchMode="singleTop"
50-->src/main/AndroidManifest.xml:25:13-43
51            android:theme="@style/LaunchTheme"
51-->src/main/AndroidManifest.xml:26:13-47
52            android:windowSoftInputMode="adjustResize" >
52-->src/main/AndroidManifest.xml:29:13-55
53
54            <!--
55                 Specifies an Android theme to apply to this Activity as soon as
56                 the Android process has started. This theme is visible to the user
57                 while the Flutter UI initializes. After that, this theme continues
58                 to determine the Window background behind the Flutter UI.
59            -->
60            <meta-data
60-->src/main/AndroidManifest.xml:34:13-37:17
61                android:name="io.flutter.embedding.android.NormalTheme"
61-->src/main/AndroidManifest.xml:35:15-70
62                android:resource="@style/NormalTheme" />
62-->src/main/AndroidManifest.xml:36:15-52
63
64            <intent-filter>
64-->src/main/AndroidManifest.xml:38:13-42:29
65                <action android:name="android.intent.action.SEND" />
65-->src/main/AndroidManifest.xml:39:17-69
65-->src/main/AndroidManifest.xml:39:25-66
66
67                <category android:name="android.intent.category.DEFAULT" />
67-->src/main/AndroidManifest.xml:40:17-76
67-->src/main/AndroidManifest.xml:40:27-73
68
69                <data android:mimeType="text/*" />
69-->src/main/AndroidManifest.xml:10:13-44
69-->src/main/AndroidManifest.xml:15:19-48
70            </intent-filter>
71            <intent-filter>
71-->src/main/AndroidManifest.xml:43:13-49:29
72                <action android:name="android.intent.action.VIEW" />
72-->src/main/AndroidManifest.xml:8:13-65
72-->src/main/AndroidManifest.xml:8:21-62
73
74                <category android:name="android.intent.category.DEFAULT" />
74-->src/main/AndroidManifest.xml:40:17-76
74-->src/main/AndroidManifest.xml:40:27-73
75                <category android:name="android.intent.category.BROWSABLE" />
75-->src/main/AndroidManifest.xml:9:13-74
75-->src/main/AndroidManifest.xml:9:23-71
76
77                <data android:scheme="http" />
77-->src/main/AndroidManifest.xml:10:13-44
77-->src/main/AndroidManifest.xml:10:19-41
78                <data android:scheme="https" />
78-->src/main/AndroidManifest.xml:10:13-44
78-->src/main/AndroidManifest.xml:10:19-41
79            </intent-filter>
80            <intent-filter>
80-->src/main/AndroidManifest.xml:50:13-53:29
81                <action android:name="android.intent.action.MAIN" />
81-->src/main/AndroidManifest.xml:51:17-68
81-->src/main/AndroidManifest.xml:51:25-66
82
83                <category android:name="android.intent.category.LAUNCHER" />
83-->src/main/AndroidManifest.xml:52:17-76
83-->src/main/AndroidManifest.xml:52:27-74
84            </intent-filter>
85        </activity>
86        <!--
87             Don't delete the meta-data below.
88             This is used by the Flutter tool to generate GeneratedPluginRegistrant.java
89        -->
90        <meta-data
90-->src/main/AndroidManifest.xml:57:9-59:33
91            android:name="flutterEmbedding"
91-->src/main/AndroidManifest.xml:58:13-44
92            android:value="2" />
92-->src/main/AndroidManifest.xml:59:13-30
93        <!--
94           Declares a provider which allows us to store files to share in
95           '.../caches/share_plus' and grant the receiving action access
96        -->
97        <provider
97-->[:share_plus] AndroidManifest.xml:13:9-21:20
98            android:name="dev.fluttercommunity.plus.share.ShareFileProvider"
98-->[:share_plus] AndroidManifest.xml:14:13-77
99            android:authorities="com.example.bookmark.flutter.share_provider"
99-->[:share_plus] AndroidManifest.xml:15:13-74
100            android:exported="false"
100-->[:share_plus] AndroidManifest.xml:16:13-37
101            android:grantUriPermissions="true" >
101-->[:share_plus] AndroidManifest.xml:17:13-47
102            <meta-data
102-->[:share_plus] AndroidManifest.xml:18:13-20:68
103                android:name="android.support.FILE_PROVIDER_PATHS"
103-->[:share_plus] AndroidManifest.xml:19:17-67
104                android:resource="@xml/flutter_share_file_paths" />
104-->[:share_plus] AndroidManifest.xml:20:17-65
105        </provider>
106        <!--
107           This manifest declared broadcast receiver allows us to use an explicit
108           Intent when creating a PendingItent to be informed of the user's choice
109        -->
110        <receiver
110-->[:share_plus] AndroidManifest.xml:26:9-32:20
111            android:name="dev.fluttercommunity.plus.share.SharePlusPendingIntent"
111-->[:share_plus] AndroidManifest.xml:27:13-82
112            android:exported="false" >
112-->[:share_plus] AndroidManifest.xml:28:13-37
113            <intent-filter>
113-->[:share_plus] AndroidManifest.xml:29:13-31:29
114                <action android:name="EXTRA_CHOSEN_COMPONENT" />
114-->[:share_plus] AndroidManifest.xml:30:17-65
114-->[:share_plus] AndroidManifest.xml:30:25-62
115            </intent-filter>
116        </receiver>
117
118        <activity
118-->[:url_launcher_android] AndroidManifest.xml:8:9-11:74
119            android:name="io.flutter.plugins.urllauncher.WebViewActivity"
119-->[:url_launcher_android] AndroidManifest.xml:9:13-74
120            android:exported="false"
120-->[:url_launcher_android] AndroidManifest.xml:10:13-37
121            android:theme="@android:style/Theme.NoTitleBar.Fullscreen" />
121-->[:url_launcher_android] AndroidManifest.xml:11:13-71
122
123        <uses-library
123-->[androidx.window:window:1.2.0] AndroidManifest.xml:23:9-25:40
124            android:name="androidx.window.extensions"
124-->[androidx.window:window:1.2.0] AndroidManifest.xml:24:13-54
125            android:required="false" />
125-->[androidx.window:window:1.2.0] AndroidManifest.xml:25:13-37
126        <uses-library
126-->[androidx.window:window:1.2.0] AndroidManifest.xml:26:9-28:40
127            android:name="androidx.window.sidecar"
127-->[androidx.window:window:1.2.0] AndroidManifest.xml:27:13-51
128            android:required="false" />
128-->[androidx.window:window:1.2.0] AndroidManifest.xml:28:13-37
129
130        <provider
130-->[androidx.lifecycle:lifecycle-process:2.7.0] AndroidManifest.xml:24:9-32:20
131            android:name="androidx.startup.InitializationProvider"
131-->[androidx.lifecycle:lifecycle-process:2.7.0] AndroidManifest.xml:25:13-67
132            android:authorities="com.example.bookmark.androidx-startup"
132-->[androidx.lifecycle:lifecycle-process:2.7.0] AndroidManifest.xml:26:13-68
133            android:exported="false" >
133-->[androidx.lifecycle:lifecycle-process:2.7.0] AndroidManifest.xml:27:13-37
134            <meta-data
134-->[androidx.lifecycle:lifecycle-process:2.7.0] AndroidManifest.xml:29:13-31:52
135                android:name="androidx.lifecycle.ProcessLifecycleInitializer"
135-->[androidx.lifecycle:lifecycle-process:2.7.0] AndroidManifest.xml:30:17-78
136                android:value="androidx.startup" />
136-->[androidx.lifecycle:lifecycle-process:2.7.0] AndroidManifest.xml:31:17-49
137            <meta-data
137-->[androidx.profileinstaller:profileinstaller:1.3.1] AndroidManifest.xml:29:13-31:52
138                android:name="androidx.profileinstaller.ProfileInstallerInitializer"
138-->[androidx.profileinstaller:profileinstaller:1.3.1] AndroidManifest.xml:30:17-85
139                android:value="androidx.startup" />
139-->[androidx.profileinstaller:profileinstaller:1.3.1] AndroidManifest.xml:31:17-49
140        </provider>
141
142        <receiver
142-->[androidx.profileinstaller:profileinstaller:1.3.1] AndroidManifest.xml:34:9-52:20
143            android:name="androidx.profileinstaller.ProfileInstallReceiver"
143-->[androidx.profileinstaller:profileinstaller:1.3.1] AndroidManifest.xml:35:13-76
144            android:directBootAware="false"
144-->[androidx.profileinstaller:profileinstaller:1.3.1] AndroidManifest.xml:36:13-44
145            android:enabled="true"
145-->[androidx.profileinstaller:profileinstaller:1.3.1] AndroidManifest.xml:37:13-35
146            android:exported="true"
146-->[androidx.profileinstaller:profileinstaller:1.3.1] AndroidManifest.xml:38:13-36
147            android:permission="android.permission.DUMP" >
147-->[androidx.profileinstaller:profileinstaller:1.3.1] AndroidManifest.xml:39:13-57
148            <intent-filter>
148-->[androidx.profileinstaller:profileinstaller:1.3.1] AndroidManifest.xml:40:13-42:29
149                <action android:name="androidx.profileinstaller.action.INSTALL_PROFILE" />
149-->[androidx.profileinstaller:profileinstaller:1.3.1] AndroidManifest.xml:41:17-91
149-->[androidx.profileinstaller:profileinstaller:1.3.1] AndroidManifest.xml:41:25-88
150            </intent-filter>
151            <intent-filter>
151-->[androidx.profileinstaller:profileinstaller:1.3.1] AndroidManifest.xml:43:13-45:29
152                <action android:name="androidx.profileinstaller.action.SKIP_FILE" />
152-->[androidx.profileinstaller:profileinstaller:1.3.1] AndroidManifest.xml:44:17-85
152-->[androidx.profileinstaller:profileinstaller:1.3.1] AndroidManifest.xml:44:25-82
153            </intent-filter>
154            <intent-filter>
154-->[androidx.profileinstaller:profileinstaller:1.3.1] AndroidManifest.xml:46:13-48:29
155                <action android:name="androidx.profileinstaller.action.SAVE_PROFILE" />
155-->[androidx.profileinstaller:profileinstaller:1.3.1] AndroidManifest.xml:47:17-88
155-->[androidx.profileinstaller:profileinstaller:1.3.1] AndroidManifest.xml:47:25-85
156            </intent-filter>
157            <intent-filter>
157-->[androidx.profileinstaller:profileinstaller:1.3.1] AndroidManifest.xml:49:13-51:29
158                <action android:name="androidx.profileinstaller.action.BENCHMARK_OPERATION" />
158-->[androidx.profileinstaller:profileinstaller:1.3.1] AndroidManifest.xml:50:17-95
158-->[androidx.profileinstaller:profileinstaller:1.3.1] AndroidManifest.xml:50:25-92
159            </intent-filter>
160        </receiver>
161    </application>
162
163</manifest>